<?xml version="1.0" encoding="UTF-8"?>
<testsuite name="com.neutisoft.main.NeutisoftTaReportApplicationTests" tests="1" skipped="0" failures="0" errors="0" timestamp="2025-06-23T08:35:10.270Z" hostname="Ziynatillohs-MacBook-Air.local" time="0.236">
  <properties/>
  <testcase name="contextLoads()" classname="com.neutisoft.main.NeutisoftTaReportApplicationTests" time="0.236"/>
  <system-out><![CDATA[17:35:08.500 [Test worker] INFO org.springframework.test.context.support.AnnotationConfigContextLoaderUtils -- Could not detect default configuration classes for test class [com.neutisoft.main.NeutisoftTaReportApplicationTests]: NeutisoftTaReportApplicationTests does not declare any static, non-private, non-final, nested classes annotated with @Configuration.
17:35:08.550 [Test worker] INFO org.springframework.boot.test.context.SpringBootTestContextBootstrapper -- Found @SpringBootConfiguration com.neutisoft.main.NeutisoftTaReportApplication for test class com.neutisoft.main.NeutisoftTaReportApplicationTests

  .   ____          _            __ _ _
 /\\ / ___'_ __ _ _(_)_ __  __ _ \ \ \ \
( ( )\___ | '_ | '_| | '_ \/ _` | \ \ \ \
 \\/  ___)| |_)| | | | | || (_| |  ) ) ) )
  '  |____| .__|_| |_|_| |_\__, | / / / /
 =========|_|==============|___/=/_/_/_/

 :: Spring Boot ::                (v3.5.3)

2025-06-23T17:35:08.780+09:00  WARN 90602 --- [neutisoft-ta-report] [    Test worker] ory$DuplicateJsonObjectContextCustomizer : 

Found multiple occurrences of org.json.JSONObject on the class path:

	jar:file:/Users/ziynatilloh/.gradle/caches/modules-2/files-2.1/org.json/json/20250517/d67181bbd819ccceb929b580a4e2fcb0c8b17cd8/json-20250517.jar!/org/json/JSONObject.class
	jar:file:/Users/ziynatilloh/.gradle/caches/modules-2/files-2.1/com.vaadin.external.google/android-json/0.0.20131108.vaadin1/fa26d351fe62a6a17f5cda1287c1c6110dec413f/android-json-0.0.20131108.vaadin1.jar!/org/json/JSONObject.class

You may wish to exclude one of them to ensure predictable runtime behavior

2025-06-23T17:35:08.787+09:00  INFO 90602 --- [neutisoft-ta-report] [    Test worker] c.n.m.NeutisoftTaReportApplicationTests  : Starting NeutisoftTaReportApplicationTests using Java 17.0.15 with PID 90602 (started by ziynatilloh in /Users/ziynatilloh/Desktop/Personal projects/neutisoft_ta_report)
2025-06-23T17:35:08.788+09:00  INFO 90602 --- [neutisoft-ta-report] [    Test worker] c.n.m.NeutisoftTaReportApplicationTests  : No active profile set, falling back to 1 default profile: "default"
2025-06-23T17:35:09.069+09:00  INFO 90602 --- [neutisoft-ta-report] [    Test worker] .s.d.r.c.RepositoryConfigurationDelegate : Bootstrapping Spring Data JPA repositories in DEFAULT mode.
2025-06-23T17:35:09.094+09:00  INFO 90602 --- [neutisoft-ta-report] [    Test worker] .s.d.r.c.RepositoryConfigurationDelegate : Finished Spring Data repository scanning in 20 ms. Found 1 JPA repository interface.
2025-06-23T17:35:09.256+09:00  INFO 90602 --- [neutisoft-ta-report] [    Test worker] o.hibernate.jpa.internal.util.LogHelper  : HHH000204: Processing PersistenceUnitInfo [name: default]
2025-06-23T17:35:09.276+09:00  INFO 90602 --- [neutisoft-ta-report] [    Test worker] org.hibernate.Version                    : HHH000412: Hibernate ORM core version 6.6.18.Final
2025-06-23T17:35:09.290+09:00  INFO 90602 --- [neutisoft-ta-report] [    Test worker] o.h.c.internal.RegionFactoryInitiator    : HHH000026: Second-level cache disabled
2025-06-23T17:35:09.422+09:00  INFO 90602 --- [neutisoft-ta-report] [    Test worker] o.s.o.j.p.SpringPersistenceUnitInfo      : No LoadTimeWeaver setup: ignoring JPA class transformer
2025-06-23T17:35:09.438+09:00  INFO 90602 --- [neutisoft-ta-report] [    Test worker] com.zaxxer.hikari.HikariDataSource       : HikariPool-1 - Starting...
2025-06-23T17:35:09.522+09:00  INFO 90602 --- [neutisoft-ta-report] [    Test worker] com.zaxxer.hikari.pool.HikariPool        : HikariPool-1 - Added connection conn0: url=jdbc:h2:mem:testdb user=SA
2025-06-23T17:35:09.524+09:00  INFO 90602 --- [neutisoft-ta-report] [    Test worker] com.zaxxer.hikari.HikariDataSource       : HikariPool-1 - Start completed.
2025-06-23T17:35:09.536+09:00  WARN 90602 --- [neutisoft-ta-report] [    Test worker] org.hibernate.orm.deprecation            : HHH90000025: H2Dialect does not need to be specified explicitly using 'hibernate.dialect' (remove the property setting and it will be selected by default)
2025-06-23T17:35:09.547+09:00  INFO 90602 --- [neutisoft-ta-report] [    Test worker] org.hibernate.orm.connections.pooling    : HHH10001005: Database info:
	Database JDBC URL [Connecting through datasource 'HikariDataSource (HikariPool-1)']
	Database driver: undefined/unknown
	Database version: 2.3.232
	Autocommit mode: undefined/unknown
	Isolation level: undefined/unknown
	Minimum pool size: undefined/unknown
	Maximum pool size: undefined/unknown
2025-06-23T17:35:09.878+09:00  INFO 90602 --- [neutisoft-ta-report] [    Test worker] o.h.e.t.j.p.i.JtaPlatformInitiator       : HHH000489: No JTA platform available (set 'hibernate.transaction.jta.platform' to enable JTA platform integration)
Hibernate: drop table if exists kline cascade 
Hibernate: create table kline (close numeric(38,2) not null, high numeric(38,2) not null, low numeric(38,2) not null, id bigint generated by default as identity, open_time timestamp(6) not null, primary key (id))
2025-06-23T17:35:09.893+09:00  INFO 90602 --- [neutisoft-ta-report] [    Test worker] j.LocalContainerEntityManagerFactoryBean : Initialized JPA EntityManagerFactory for persistence unit 'default'
2025-06-23T17:35:10.082+09:00  WARN 90602 --- [neutisoft-ta-report] [    Test worker] JpaBaseConfiguration$JpaWebConfiguration : spring.jpa.open-in-view is enabled by default. Therefore, database queries may be performed during view rendering. Explicitly configure spring.jpa.open-in-view to disable this warning
2025-06-23T17:35:10.228+09:00  INFO 90602 --- [neutisoft-ta-report] [    Test worker] o.s.b.a.h2.H2ConsoleAutoConfiguration    : H2 console available at '/h2-console'. Database available at 'jdbc:h2:mem:testdb'
2025-06-23T17:35:10.264+09:00  INFO 90602 --- [neutisoft-ta-report] [    Test worker] c.n.m.NeutisoftTaReportApplicationTests  : Started NeutisoftTaReportApplicationTests in 1.641 seconds (process running for 2.163)
]]></system-out>
  <system-err><![CDATA[]]></system-err>
</testsuite>
